2020/07/18 13:50:37 info : Start Package Base Creating
2020/07/18 13:50:38 info : Database Connected.
2020/07/18 13:50:38 DB : DROP TABLE IF EXISTS FD_Table
2020/07/18 13:50:38 DB : CREATE TABLE IF NOT EXISTS FD_Table  (FD_Table_ID INT UNSIGNED NOT NULL PRIMARY KEY COMMENT 'テーブル情報ID',Table_Name Varchar(100)  COMMENT 'テーブル物理名名',FD_Name Varchar(100)  COMMENT 'テーブル論理名',fD_COMMENT Text  COMMENT '説明',FD_Create DATETIME  COMMENT '登録日',FD_Created INT UNSIGNED  COMMENT '登録者ID',FD_Update DATETIME  COMMENT '更新日',FD_Updated INT UNSIGNED  COMMENT '更新者ID') ENGINE=InnoDB DEFAULT CHARSET=utf8 COMMENT='テーブル情報'
2020/07/18 13:50:38 DB : INSERT INTO FD_Table SET FD_Table_ID = 101,Table_Name = 'FD_Table',FD_Name = 'テーブル情報',FD_Comment = 'テーブルに関する情報を管理する。',FD_Create = '2020/07/18 13:50:38',FD_Created = 1000001,FD_Update = '2020/07/18 13:50:38',FD_Updated = 1000001
2020/07/18 13:50:38 info : Table Information created.
2020/07/18 13:50:38 DB : DROP TABLE IF EXISTS FD_TableColumn
2020/07/18 13:50:38 DB : CREATE TABLE IF NOT EXISTS FD_TableColumn  (FD_TableColumn_ID INT UNSIGNED NOT NULL PRIMARY KEY COMMENT 'テーブル項目情報ID',FD_Table_ID INT UNSIGNED NOT NULL COMMENT 'テーブル情報ID',Column_Name Varchar(100) NULL COMMENT 'テーブル項目名',Column_Type_ID INT UNSIGNED NOT NULL COMMENT 'テーブル項目種別ID（リファレンスID）',Column_Size INT UNSIGNED COMMENT 'テーブル項目桁数',FD_Name Varchar(100)  COMMENT 'テーブル項目論理名',FD_Comment Text  COMMENT '説明',Primary_Key_Check TINYINT(1) COMMENT 'プライマリーキー判定',Column_Sort_Order INT UNSIGNED COMMENT '項目並び順',FD_Create DATETIME  COMMENT '登録日',FD_Created INT UNSIGNED  COMMENT '登録者ID',FD_Update DATETIME  COMMENT '更新日',FD_Updated INT UNSIGNED  COMMENT '更新者ID') ENGINE=InnoDB DEFAULT CHARSET=utf8 COMMENT='テーブル項目情報'
2020/07/18 13:50:38 DB : INSERT INTO FD_Table SET FD_Table_ID = 102,Table_Name = 'FD_TableColumn',FD_Name = 'テーブル項目情報',FD_Comment = 'テーブルで使用する項目に課する情報を管理する。',FD_Create = '2020/07/18 13:50:38',FD_Created = 1000001,FD_Update = '2020/07/18 13:50:38',FD_Updated = 1000001
2020/07/18 13:50:38 info : Table Column Information created.
2020/07/18 13:50:38 DB : DROP TABLE IF EXISTS FD_Reference
2020/07/18 13:50:38 DB : CREATE TABLE IF NOT EXISTS FD_Reference  (FD_Reference_ID INT UNSIGNED NOT NULL COMMENT 'リファレンス情報ID',Reference_Name Varchar(100) COMMENT 'リファレンス名',FD_Create DATETIME  COMMENT '登録日',FD_Created INT UNSIGNED  COMMENT '登録者ID',FD_Update DATETIME  COMMENT '更新日',FD_Updated INT UNSIGNED  COMMENT '更新者ID') ENGINE=InnoDB DEFAULT CHARSET=utf8 COMMENT='リファレンス情報'
2020/07/18 13:50:38 DB : INSERT INTO FD_Table SET FD_Table_ID = 103,Table_Name = 'FD_Reference',FD_Name = 'リファレンス情報',FD_Comment = 'システムで管理する項目の辞書としての管理を行う。',FD_Create = '2020/07/18 13:50:38',FD_Created = 1000001,FD_Update = '2020/07/18 13:50:38',FD_Updated = 1000001
2020/07/18 13:50:38 DB : INSERT INTO FD_Reference SET FD_Reference_ID = 1000001,Reference_Name = '情報ID',FD_Create = '2020/07/18 13:50:38',FD_Created = 1000001,FD_Update = '2020/07/18 13:50:38',FD_Updated = 1000001
2020/07/18 13:50:39 DB : INSERT INTO FD_Reference SET FD_Reference_ID = 1000002,Reference_Name = 'テキスト',FD_Create = '2020/07/18 13:50:38',FD_Created = 1000001,FD_Update = '2020/07/18 13:50:38',FD_Updated = 1000001
2020/07/18 13:50:39 DB : INSERT INTO FD_Reference SET FD_Reference_ID = 1000003,Reference_Name = '自然数',FD_Create = '2020/07/18 13:50:39',FD_Created = 1000001,FD_Update = '2020/07/18 13:50:39',FD_Updated = 1000001
2020/07/18 13:50:39 DB : INSERT INTO FD_Reference SET FD_Reference_ID = 1000004,Reference_Name = '複数行テキスト',FD_Create = '2020/07/18 13:50:39',FD_Created = 1000001,FD_Update = '2020/07/18 13:50:39',FD_Updated = 1000001
2020/07/18 13:50:39 DB : INSERT INTO FD_Reference SET FD_Reference_ID = 1000005,Reference_Name = '日時',FD_Create = '2020/07/18 13:50:39',FD_Created = 1000001,FD_Update = '2020/07/18 13:50:39',FD_Updated = 1000001
2020/07/18 13:50:39 DB : INSERT INTO FD_Reference SET FD_Reference_ID = 1000006,Reference_Name = 'YESNO',FD_Create = '2020/07/18 13:50:39',FD_Created = 1000001,FD_Update = '2020/07/18 13:50:39',FD_Updated = 1000001
2020/07/18 13:50:39 DB : INSERT INTO FD_Reference SET FD_Reference_ID = 1000006,Reference_Name = 'ClassName',FD_Create = '2020/07/18 13:50:39',FD_Created = 1000001,FD_Update = '2020/07/18 13:50:39',FD_Updated = 1000001
2020/07/18 13:50:39 info : Reference Information created.
2020/07/18 13:50:39 DB : DROP TABLE IF EXISTS FD_Numbering
2020/07/18 13:50:39 DB : CREATE TABLE IF NOT EXISTS FD_Numbering  (FD_Numbering_ID INT UNSIGNED NOT NULL COMMENT '採番情報ID',FD_Table_ID INT UNSIGNED NOT NULL COMMENT 'テーブル情報ID',Current_Number INT UNSIGNED COMMENT '現在値',Start_Number INT UNSIGNED COMMENT '開始値',FD_Create DATETIME  COMMENT '登録日',FD_Created INT UNSIGNED  COMMENT '登録者ID',FD_Update DATETIME  COMMENT '更新日',FD_Updated INT UNSIGNED  COMMENT '更新者ID') ENGINE=InnoDB DEFAULT CHARSET=utf8 COMMENT='採番情報'
2020/07/18 13:50:39 DB : INSERT INTO FD_Table SET FD_Table_ID = 104,Table_Name = 'FD_Numbering',FD_Name = '採番情報',FD_Comment = 'テーブル毎に情報に対して付与する情報IDの採番を管理する。',FD_Create = '2020/07/18 13:50:39',FD_Created = 1000001,FD_Update = '2020/07/18 13:50:39',FD_Updated = 1000001
2020/07/18 13:50:39 DB : INSERT INTO FD_Numbering SET FD_Numbering_ID = 101,FD_Table_ID = 101,Current_Number = 0,Start_Number = 201,FD_Create = '2020/07/18 13:50:39',FD_Created = 1000001,FD_Update = '2020/07/18 13:50:39',FD_Updated = 1000001
2020/07/18 13:50:39 DB : INSERT INTO FD_Numbering SET FD_Numbering_ID = 102,FD_Table_ID = 102,Current_Number = 0,Start_Number = 1000001,FD_Create = '2020/07/18 13:50:39',FD_Created = 1000001,FD_Update = '2020/07/18 13:50:39',FD_Updated = 1000001
2020/07/18 13:50:39 DB : INSERT INTO FD_Numbering SET FD_Numbering_ID = 103,FD_Table_ID = 103,Current_Number = 0,Start_Number = 1000001,FD_Create = '2020/07/18 13:50:39',FD_Created = 1000001,FD_Update = '2020/07/18 13:50:39',FD_Updated = 1000001
2020/07/18 13:50:39 DB : INSERT INTO FD_Numbering SET FD_Numbering_ID = 104,FD_Table_ID = 104,Current_Number = 0,Start_Number = 1000001,FD_Create = '2020/07/18 13:50:39',FD_Created = 1000001,FD_Update = '2020/07/18 13:50:39',FD_Updated = 1000001
2020/07/18 13:50:39 DB : INSERT INTO FD_Numbering SET FD_Numbering_ID = 105,FD_Table_ID = 105,Current_Number = 0,Start_Number = 1000001,FD_Create = '2020/07/18 13:50:39',FD_Created = 1000001,FD_Update = '2020/07/18 13:50:39',FD_Updated = 1000001
2020/07/18 13:50:39 info : Numbering Information created.
2020/07/18 13:50:39 DB : DROP TABLE IF EXISTS FD_RefParam
2020/07/18 13:50:39 DB : CREATE TABLE IF NOT EXISTS FD_RefParam  (FD_RefParam_ID INT UNSIGNED NOT NULL COMMENT 'リファレンス用パラメータ情報ID',FD_Reference_ID INT UNSIGNED NOT NULL COMMENT 'リファレンス情報ID',Parameter_Name Varchar(100) COMMENT 'パラメータ名',Parameter_Type_ID INT UNSIGNED COMMENT 'パラメータ種別ID',Parameter_Data Varchar(200) COMMENT 'パラメータ情報',FD_Comment Text  COMMENT '説明',FD_Create DATETIME  COMMENT '登録日',FD_Created INT UNSIGNED  COMMENT '登録者ID',FD_Update DATETIME  COMMENT '更新日',FD_Updated INT UNSIGNED  COMMENT '更新者ID') ENGINE=InnoDB DEFAULT CHARSET=utf8 COMMENT='採番情報'
2020/07/18 13:50:39 DB : INSERT INTO FD_Table SET FD_Table_ID = 105,Table_Name = 'FD_RefParam',FD_Name = 'リファレンス用パラメータ情報',FD_Comment = 'リファレンス情報で使用する各種情報を管理する。',FD_Create = '2020/07/18 13:50:39',FD_Created = 1000001,FD_Update = '2020/07/18 13:50:39',FD_Updated = 1000001
2020/07/18 13:50:39 DB : UPDATE FD_Numbering SET Current_Number = 1000001,FD_Update = '2020/07/18 13:50:39',FD_Updated = 1000001 WHERE FD_Table_ID = 105
2020/07/18 13:50:39 DB : INSERT INTO FD_RefParam SET FD_RefParam_ID = 1000001,FD_Reference_ID = 1000002,Parameter_Name = 'ColumnTypeClass',Parameter_Type_ID = 1000006,Parameter_Data  = 'com.officina_hide.base.model.FD_Text',FD_Comment = 'com.officina_hide.base.model.FD_Text',FD_Create = '2020/07/18 13:50:39',FD_Created = 1000001,FD_Update = '2020/07/18 13:50:39',FD_Updated = 1000001
2020/07/18 13:50:40 DB : UPDATE FD_Numbering SET Current_Number = 1000002,FD_Update = '2020/07/18 13:50:40',FD_Updated = 1000001 WHERE FD_Table_ID = 105
2020/07/18 13:50:40 DB : INSERT INTO FD_RefParam SET FD_RefParam_ID = 1000002,FD_Reference_ID = 1000001,Parameter_Name = 'ColumnTypeClass',Parameter_Type_ID = 1000006,Parameter_Data  = 'com.officina_hide.base.model.FD_ImformationID',FD_Comment = 'com.officina_hide.base.model.FD_ImformationID',FD_Create = '2020/07/18 13:50:40',FD_Created = 1000001,FD_Update = '2020/07/18 13:50:40',FD_Updated = 1000001
2020/07/18 13:50:40 DB : UPDATE FD_Numbering SET Current_Number = 1000003,FD_Update = '2020/07/18 13:50:40',FD_Updated = 1000001 WHERE FD_Table_ID = 105
2020/07/18 13:50:40 DB : INSERT INTO FD_RefParam SET FD_RefParam_ID = 1000003,FD_Reference_ID = 1000004,Parameter_Name = 'ColumnTypeClass',Parameter_Type_ID = 1000006,Parameter_Data  = 'com.officina_hide.base.model.FD_FieldText',FD_Comment = 'com.officina_hide.base.model.FD_FieldText',FD_Create = '2020/07/18 13:50:40',FD_Created = 1000001,FD_Update = '2020/07/18 13:50:40',FD_Updated = 1000001
2020/07/18 13:50:40 DB : UPDATE FD_Numbering SET Current_Number = 1000004,FD_Update = '2020/07/18 13:50:40',FD_Updated = 1000001 WHERE FD_Table_ID = 105
2020/07/18 13:50:40 DB : INSERT INTO FD_RefParam SET FD_RefParam_ID = 1000004,FD_Reference_ID = 1000005,Parameter_Name = 'ColumnTypeClass',Parameter_Type_ID = 1000006,Parameter_Data  = 'com.officina_hide.base.model.FD_Date',FD_Comment = 'com.officina_hide.base.model.FD_Date',FD_Create = '2020/07/18 13:50:40',FD_Created = 1000001,FD_Update = '2020/07/18 13:50:40',FD_Updated = 1000001
2020/07/18 13:50:40 DB : UPDATE FD_Numbering SET Current_Number = 1000005,FD_Update = '2020/07/18 13:50:40',FD_Updated = 1000001 WHERE FD_Table_ID = 105
2020/07/18 13:50:40 DB : INSERT INTO FD_RefParam SET FD_RefParam_ID = 1000005,FD_Reference_ID = 1000006,Parameter_Name = 'ColumnTypeClass',Parameter_Type_ID = 1000006,Parameter_Data  = 'com.officina_hide.base.model.FD_YESNO',FD_Comment = 'com.officina_hide.base.model.FD_YESNO',FD_Create = '2020/07/18 13:50:40',FD_Created = 1000001,FD_Update = '2020/07/18 13:50:40',FD_Updated = 1000001
2020/07/18 13:50:41 DB : UPDATE FD_Numbering SET Current_Number = 1000006,FD_Update = '2020/07/18 13:50:40',FD_Updated = 1000001 WHERE FD_Table_ID = 105
2020/07/18 13:50:41 DB : INSERT INTO FD_RefParam SET FD_RefParam_ID = 1000006,FD_Reference_ID = 1000003,Parameter_Name = 'ColumnTypeClass',Parameter_Type_ID = 1000006,Parameter_Data  = 'com.officina_hide.base.model.FD_Number',FD_Comment = 'com.officina_hide.base.model.FD_Number',FD_Create = '2020/07/18 13:50:41',FD_Created = 1000001,FD_Update = '2020/07/18 13:50:41',FD_Updated = 1000001
2020/07/18 13:50:41 DB : UPDATE FD_Numbering SET Current_Number = 1000001,FD_Update = '2020/07/18 13:50:41',FD_Updated = 1000001 WHERE FD_Table_ID = 102
2020/07/18 13:50:41 DB : INSERT INTO FD_TableColumn SET FD_TableColumn_ID = 1000001,FD_Table_ID = 101,Column_Name = 'OFN_Table_ID',Column_Type_ID = 1000001,Column_Size = 0,FD_Name = 'テーブル情報ID',FD_Comment = 'テーブル情報を識別するためのID',Column_Sort_Order = 10,Primary_Key_Check = 1,FD_Create = '2020/07/18 13:50:41',FD_Created = 1000001,FD_Update = '2020/07/18 13:50:41',FD_Updated = 1000001
2020/07/18 13:50:41 DB : UPDATE FD_Numbering SET Current_Number = 1000002,FD_Update = '2020/07/18 13:50:41',FD_Updated = 1000001 WHERE FD_Table_ID = 102
2020/07/18 13:50:41 DB : INSERT INTO FD_TableColumn SET FD_TableColumn_ID = 1000002,FD_Table_ID = 101,Column_Name = 'Table_Name',Column_Type_ID = 1000002,Column_Size = 100,FD_Name = 'テーブル物理名',FD_Comment = 'テーブルの物理名',Column_Sort_Order = 20,Primary_Key_Check = 0,FD_Create = '2020/07/18 13:50:41',FD_Created = 1000001,FD_Update = '2020/07/18 13:50:41',FD_Updated = 1000001
2020/07/18 13:50:41 DB : UPDATE FD_Numbering SET Current_Number = 1000003,FD_Update = '2020/07/18 13:50:41',FD_Updated = 1000001 WHERE FD_Table_ID = 102
2020/07/18 13:50:42 DB : INSERT INTO FD_TableColumn SET FD_TableColumn_ID = 1000003,FD_Table_ID = 101,Column_Name = 'FD_Name',Column_Type_ID = 1000002,Column_Size = 100,FD_Name = 'テーブル論理名',FD_Comment = 'テーブルの論理名',Column_Sort_Order = 30,Primary_Key_Check = 0,FD_Create = '2020/07/18 13:50:42',FD_Created = 1000001,FD_Update = '2020/07/18 13:50:42',FD_Updated = 1000001
2020/07/18 13:50:42 DB : UPDATE FD_Numbering SET Current_Number = 1000004,FD_Update = '2020/07/18 13:50:42',FD_Updated = 1000001 WHERE FD_Table_ID = 102
2020/07/18 13:50:42 DB : INSERT INTO FD_TableColumn SET FD_TableColumn_ID = 1000004,FD_Table_ID = 101,Column_Name = 'FD_COMMENT',Column_Type_ID = 1000004,Column_Size = 0,FD_Name = '説明',FD_Comment = 'テーブルの説明',Column_Sort_Order = 30,Primary_Key_Check = 0,FD_Create = '2020/07/18 13:50:42',FD_Created = 1000001,FD_Update = '2020/07/18 13:50:42',FD_Updated = 1000001
2020/07/18 13:50:42 DB : UPDATE FD_Numbering SET Current_Number = 1000005,FD_Update = '2020/07/18 13:50:42',FD_Updated = 1000001 WHERE FD_Table_ID = 102
2020/07/18 13:50:42 DB : INSERT INTO FD_TableColumn SET FD_TableColumn_ID = 1000005,FD_Table_ID = 101,Column_Name = 'FD_Create',Column_Type_ID = 1000005,Column_Size = 0,FD_Name = '登録日',FD_Comment = 'テーブル情報の登録日',Column_Sort_Order = 900,Primary_Key_Check = 0,FD_Create = '2020/07/18 13:50:42',FD_Created = 1000001,FD_Update = '2020/07/18 13:50:42',FD_Updated = 1000001
2020/07/18 13:50:42 DB : UPDATE FD_Numbering SET Current_Number = 1000006,FD_Update = '2020/07/18 13:50:42',FD_Updated = 1000001 WHERE FD_Table_ID = 102
2020/07/18 13:50:42 DB : INSERT INTO FD_TableColumn SET FD_TableColumn_ID = 1000006,FD_Table_ID = 101,Column_Name = 'FD_Created',Column_Type_ID = 1000001,Column_Size = 0,FD_Name = '登録者ID',FD_Comment = 'テーブル情報の登録者のID',Column_Sort_Order = 910,Primary_Key_Check = 0,FD_Create = '2020/07/18 13:50:42',FD_Created = 1000001,FD_Update = '2020/07/18 13:50:42',FD_Updated = 1000001
2020/07/18 13:50:42 DB : UPDATE FD_Numbering SET Current_Number = 1000007,FD_Update = '2020/07/18 13:50:42',FD_Updated = 1000001 WHERE FD_Table_ID = 102
2020/07/18 13:50:42 DB : INSERT INTO FD_TableColumn SET FD_TableColumn_ID = 1000007,FD_Table_ID = 101,Column_Name = 'FD_Update',Column_Type_ID = 1000005,Column_Size = 0,FD_Name = '更新日',FD_Comment = 'テーブル情報の更新日',Column_Sort_Order = 920,Primary_Key_Check = 0,FD_Create = '2020/07/18 13:50:42',FD_Created = 1000001,FD_Update = '2020/07/18 13:50:42',FD_Updated = 1000001
2020/07/18 13:50:43 DB : UPDATE FD_Numbering SET Current_Number = 1000008,FD_Update = '2020/07/18 13:50:43',FD_Updated = 1000001 WHERE FD_Table_ID = 102
2020/07/18 13:50:43 DB : INSERT INTO FD_TableColumn SET FD_TableColumn_ID = 1000008,FD_Table_ID = 101,Column_Name = 'FD_Updated',Column_Type_ID = 1000001,Column_Size = 0,FD_Name = '更新者ID',FD_Comment = 'テーブル情報の更新者のID',Column_Sort_Order = 930,Primary_Key_Check = 0,FD_Create = '2020/07/18 13:50:43',FD_Created = 1000001,FD_Update = '2020/07/18 13:50:43',FD_Updated = 1000001
2020/07/18 13:50:43 DB : UPDATE FD_Numbering SET Current_Number = 1000009,FD_Update = '2020/07/18 13:50:43',FD_Updated = 1000001 WHERE FD_Table_ID = 102
2020/07/18 13:50:43 DB : INSERT INTO FD_TableColumn SET FD_TableColumn_ID = 1000009,FD_Table_ID = 102,Column_Name = 'FD_TableColumn_ID',Column_Type_ID = 1000001,Column_Size = 0,FD_Name = 'テーブル項目情報ID',FD_Comment = 'テーブル項目情報を識別するためのID',Column_Sort_Order = 10,Primary_Key_Check = 1,FD_Create = '2020/07/18 13:50:43',FD_Created = 1000001,FD_Update = '2020/07/18 13:50:43',FD_Updated = 1000001
2020/07/18 13:50:43 DB : UPDATE FD_Numbering SET Current_Number = 1000010,FD_Update = '2020/07/18 13:50:43',FD_Updated = 1000001 WHERE FD_Table_ID = 102
2020/07/18 13:50:43 DB : INSERT INTO FD_TableColumn SET FD_TableColumn_ID = 1000010,FD_Table_ID = 102,Column_Name = 'OFN_Table_ID',Column_Type_ID = 1000001,Column_Size = 0,FD_Name = 'テーブル情報ID',FD_Comment = 'テーブル項目を紐づけるテーブルのID',Column_Sort_Order = 20,Primary_Key_Check = 0,FD_Create = '2020/07/18 13:50:43',FD_Created = 1000001,FD_Update = '2020/07/18 13:50:43',FD_Updated = 1000001
2020/07/18 13:50:43 DB : UPDATE FD_Numbering SET Current_Number = 1000011,FD_Update = '2020/07/18 13:50:43',FD_Updated = 1000001 WHERE FD_Table_ID = 102
2020/07/18 13:50:44 DB : INSERT INTO FD_TableColumn SET FD_TableColumn_ID = 1000011,FD_Table_ID = 102,Column_Name = 'Column_Name',Column_Type_ID = 1000002,Column_Size = 100,FD_Name = 'テーブル項目物理名',FD_Comment = 'テーブル項目の物理名',Column_Sort_Order = 30,Primary_Key_Check = 0,FD_Create = '2020/07/18 13:50:44',FD_Created = 1000001,FD_Update = '2020/07/18 13:50:44',FD_Updated = 1000001
2020/07/18 13:50:44 DB : UPDATE FD_Numbering SET Current_Number = 1000012,FD_Update = '2020/07/18 13:50:44',FD_Updated = 1000001 WHERE FD_Table_ID = 102
2020/07/18 13:50:44 DB : INSERT INTO FD_TableColumn SET FD_TableColumn_ID = 1000012,FD_Table_ID = 102,Column_Name = 'Column_Type_ID',Column_Type_ID = 1000001,Column_Size = 0,FD_Name = '種別ID（リファレンス情報ID）',FD_Comment = 'テーブル項目の属性を表すリファレンス情報のID',Column_Sort_Order = 40,Primary_Key_Check = 0,FD_Create = '2020/07/18 13:50:44',FD_Created = 1000001,FD_Update = '2020/07/18 13:50:44',FD_Updated = 1000001
2020/07/18 13:50:44 DB : UPDATE FD_Numbering SET Current_Number = 1000013,FD_Update = '2020/07/18 13:50:44',FD_Updated = 1000001 WHERE FD_Table_ID = 102
2020/07/18 13:50:44 DB : INSERT INTO FD_TableColumn SET FD_TableColumn_ID = 1000013,FD_Table_ID = 102,Column_Name = 'Column_Size',Column_Type_ID = 1000003,Column_Size = 0,FD_Name = '桁数',FD_Comment = 'テーブル項目の桁数',Column_Sort_Order = 50,Primary_Key_Check = 0,FD_Create = '2020/07/18 13:50:44',FD_Created = 1000001,FD_Update = '2020/07/18 13:50:44',FD_Updated = 1000001
2020/07/18 13:50:44 DB : UPDATE FD_Numbering SET Current_Number = 1000014,FD_Update = '2020/07/18 13:50:44',FD_Updated = 1000001 WHERE FD_Table_ID = 102
2020/07/18 13:50:44 DB : INSERT INTO FD_TableColumn SET FD_TableColumn_ID = 1000014,FD_Table_ID = 102,Column_Name = 'FD_Name',Column_Type_ID = 1000002,Column_Size = 100,FD_Name = '物理名',FD_Comment = 'テーブル項目の物理名',Column_Sort_Order = 60,Primary_Key_Check = 0,FD_Create = '2020/07/18 13:50:44',FD_Created = 1000001,FD_Update = '2020/07/18 13:50:44',FD_Updated = 1000001
2020/07/18 13:50:44 DB : UPDATE FD_Numbering SET Current_Number = 1000015,FD_Update = '2020/07/18 13:50:44',FD_Updated = 1000001 WHERE FD_Table_ID = 102
2020/07/18 13:50:44 DB : INSERT INTO FD_TableColumn SET FD_TableColumn_ID = 1000015,FD_Table_ID = 102,Column_Name = 'FD_Comment',Column_Type_ID = 1000004,Column_Size = 0,FD_Name = '説明',FD_Comment = 'テーブル項目の説明',Column_Sort_Order = 70,Primary_Key_Check = 0,FD_Create = '2020/07/18 13:50:44',FD_Created = 1000001,FD_Update = '2020/07/18 13:50:44',FD_Updated = 1000001
2020/07/18 13:50:45 DB : UPDATE FD_Numbering SET Current_Number = 1000016,FD_Update = '2020/07/18 13:50:44',FD_Updated = 1000001 WHERE FD_Table_ID = 102
2020/07/18 13:50:45 DB : INSERT INTO FD_TableColumn SET FD_TableColumn_ID = 1000016,FD_Table_ID = 102,Column_Name = 'Primary_Key_Check',Column_Type_ID = 1000006,Column_Size = 0,FD_Name = 'プライマリーキー判定',FD_Comment = 'テーブル項目がプライマリーKeyの時にYesをセットする。',Column_Sort_Order = 80,Primary_Key_Check = 0,FD_Create = '2020/07/18 13:50:45',FD_Created = 1000001,FD_Update = '2020/07/18 13:50:45',FD_Updated = 1000001
2020/07/18 13:50:45 DB : UPDATE FD_Numbering SET Current_Number = 1000017,FD_Update = '2020/07/18 13:50:45',FD_Updated = 1000001 WHERE FD_Table_ID = 102
2020/07/18 13:50:45 DB : INSERT INTO FD_TableColumn SET FD_TableColumn_ID = 1000017,FD_Table_ID = 102,Column_Name = 'Column_Sort_Order',Column_Type_ID = 1000003,Column_Size = 0,FD_Name = '項目並び順',FD_Comment = 'テーブル項目の一覧表示を行う時の順番',Column_Sort_Order = 80,Primary_Key_Check = 0,FD_Create = '2020/07/18 13:50:45',FD_Created = 1000001,FD_Update = '2020/07/18 13:50:45',FD_Updated = 1000001
2020/07/18 13:50:45 DB : UPDATE FD_Numbering SET Current_Number = 1000018,FD_Update = '2020/07/18 13:50:45',FD_Updated = 1000001 WHERE FD_Table_ID = 102
2020/07/18 13:50:45 DB : INSERT INTO FD_TableColumn SET FD_TableColumn_ID = 1000018,FD_Table_ID = 102,Column_Name = 'FD_Create',Column_Type_ID = 1000005,Column_Size = 0,FD_Name = '登録日',FD_Comment = 'テーブル項目情報の登録日',Column_Sort_Order = 900,Primary_Key_Check = 0,FD_Create = '2020/07/18 13:50:45',FD_Created = 1000001,FD_Update = '2020/07/18 13:50:45',FD_Updated = 1000001
2020/07/18 13:50:45 DB : UPDATE FD_Numbering SET Current_Number = 1000019,FD_Update = '2020/07/18 13:50:45',FD_Updated = 1000001 WHERE FD_Table_ID = 102
2020/07/18 13:50:45 DB : INSERT INTO FD_TableColumn SET FD_TableColumn_ID = 1000019,FD_Table_ID = 102,Column_Name = 'FD_Created',Column_Type_ID = 1000001,Column_Size = 0,FD_Name = '登録者ID',FD_Comment = 'テーブル項目情報の登録者のID',Column_Sort_Order = 910,Primary_Key_Check = 0,FD_Create = '2020/07/18 13:50:45',FD_Created = 1000001,FD_Update = '2020/07/18 13:50:45',FD_Updated = 1000001
2020/07/18 13:50:45 DB : UPDATE FD_Numbering SET Current_Number = 1000020,FD_Update = '2020/07/18 13:50:45',FD_Updated = 1000001 WHERE FD_Table_ID = 102
2020/07/18 13:50:45 DB : INSERT INTO FD_TableColumn SET FD_TableColumn_ID = 1000020,FD_Table_ID = 102,Column_Name = 'FD_Update',Column_Type_ID = 1000005,Column_Size = 0,FD_Name = '更新日',FD_Comment = 'テーブル項目情報の更新日',Column_Sort_Order = 920,Primary_Key_Check = 0,FD_Create = '2020/07/18 13:50:45',FD_Created = 1000001,FD_Update = '2020/07/18 13:50:45',FD_Updated = 1000001
2020/07/18 13:50:46 DB : UPDATE FD_Numbering SET Current_Number = 1000021,FD_Update = '2020/07/18 13:50:45',FD_Updated = 1000001 WHERE FD_Table_ID = 102
2020/07/18 13:50:46 DB : INSERT INTO FD_TableColumn SET FD_TableColumn_ID = 1000021,FD_Table_ID = 102,Column_Name = 'FD_Updated',Column_Type_ID = 1000001,Column_Size = 0,FD_Name = '更新者ID',FD_Comment = 'テーブル項目情報の更新者のID',Column_Sort_Order = 930,Primary_Key_Check = 0,FD_Create = '2020/07/18 13:50:46',FD_Created = 1000001,FD_Update = '2020/07/18 13:50:46',FD_Updated = 1000001
2020/07/18 13:50:46 DB : UPDATE FD_Numbering SET Current_Number = 1000022,FD_Update = '2020/07/18 13:50:46',FD_Updated = 1000001 WHERE FD_Table_ID = 102
2020/07/18 13:50:46 DB : INSERT INTO FD_TableColumn SET FD_TableColumn_ID = 1000022,FD_Table_ID = 103,Column_Name = 'FD_Reference_ID',Column_Type_ID = 1000001,Column_Size = 0,FD_Name = 'リファレンス情報ID',FD_Comment = 'リファレンス情報を識別するためのID',Column_Sort_Order = 10,Primary_Key_Check = 1,FD_Create = '2020/07/18 13:50:46',FD_Created = 1000001,FD_Update = '2020/07/18 13:50:46',FD_Updated = 1000001
2020/07/18 13:50:46 DB : UPDATE FD_Numbering SET Current_Number = 1000023,FD_Update = '2020/07/18 13:50:46',FD_Updated = 1000001 WHERE FD_Table_ID = 102
2020/07/18 13:50:46 DB : INSERT INTO FD_TableColumn SET FD_TableColumn_ID = 1000023,FD_Table_ID = 103,Column_Name = 'Reference_Name',Column_Type_ID = 1000002,Column_Size = 100,FD_Name = 'リファレンス名',FD_Comment = 'リファレンス情報の名称',Column_Sort_Order = 20,Primary_Key_Check = 0,FD_Create = '2020/07/18 13:50:46',FD_Created = 1000001,FD_Update = '2020/07/18 13:50:46',FD_Updated = 1000001
2020/07/18 13:50:46 DB : UPDATE FD_Numbering SET Current_Number = 1000024,FD_Update = '2020/07/18 13:50:46',FD_Updated = 1000001 WHERE FD_Table_ID = 102
2020/07/18 13:50:46 DB : INSERT INTO FD_TableColumn SET FD_TableColumn_ID = 1000024,FD_Table_ID = 103,Column_Name = 'FD_Create',Column_Type_ID = 1000005,Column_Size = 0,FD_Name = '登録日',FD_Comment = 'リファレンス情報の登録日',Column_Sort_Order = 900,Primary_Key_Check = 0,FD_Create = '2020/07/18 13:50:46',FD_Created = 1000001,FD_Update = '2020/07/18 13:50:46',FD_Updated = 1000001
2020/07/18 13:50:46 DB : UPDATE FD_Numbering SET Current_Number = 1000025,FD_Update = '2020/07/18 13:50:46',FD_Updated = 1000001 WHERE FD_Table_ID = 102
2020/07/18 13:50:46 DB : INSERT INTO FD_TableColumn SET FD_TableColumn_ID = 1000025,FD_Table_ID = 103,Column_Name = 'FD_Created',Column_Type_ID = 1000001,Column_Size = 0,FD_Name = '登録者ID',FD_Comment = 'リファレンス情報の登録者のID',Column_Sort_Order = 910,Primary_Key_Check = 0,FD_Create = '2020/07/18 13:50:46',FD_Created = 1000001,FD_Update = '2020/07/18 13:50:46',FD_Updated = 1000001
2020/07/18 13:50:46 DB : UPDATE FD_Numbering SET Current_Number = 1000026,FD_Update = '2020/07/18 13:50:46',FD_Updated = 1000001 WHERE FD_Table_ID = 102
2020/07/18 13:50:46 DB : INSERT INTO FD_TableColumn SET FD_TableColumn_ID = 1000026,FD_Table_ID = 103,Column_Name = 'FD_Update',Column_Type_ID = 1000005,Column_Size = 0,FD_Name = '更新日',FD_Comment = 'リファレンス情報の更新日',Column_Sort_Order = 920,Primary_Key_Check = 0,FD_Create = '2020/07/18 13:50:46',FD_Created = 1000001,FD_Update = '2020/07/18 13:50:46',FD_Updated = 1000001
2020/07/18 13:50:46 DB : UPDATE FD_Numbering SET Current_Number = 1000027,FD_Update = '2020/07/18 13:50:46',FD_Updated = 1000001 WHERE FD_Table_ID = 102
2020/07/18 13:50:47 DB : INSERT INTO FD_TableColumn SET FD_TableColumn_ID = 1000027,FD_Table_ID = 103,Column_Name = 'FD_Updated',Column_Type_ID = 1000001,Column_Size = 0,FD_Name = '更新者ID',FD_Comment = 'リファレンス情報の更新者のID',Column_Sort_Order = 930,Primary_Key_Check = 0,FD_Create = '2020/07/18 13:50:47',FD_Created = 1000001,FD_Update = '2020/07/18 13:50:47',FD_Updated = 1000001
2020/07/18 13:50:47 DB : UPDATE FD_Numbering SET Current_Number = 1000028,FD_Update = '2020/07/18 13:50:47',FD_Updated = 1000001 WHERE FD_Table_ID = 102
2020/07/18 13:50:47 DB : INSERT INTO FD_TableColumn SET FD_TableColumn_ID = 1000028,FD_Table_ID = 104,Column_Name = 'FD_Numbering_ID',Column_Type_ID = 1000001,Column_Size = 0,FD_Name = '採番情報ID',FD_Comment = '採番情報を識別するためのID',Column_Sort_Order = 10,Primary_Key_Check = 1,FD_Create = '2020/07/18 13:50:47',FD_Created = 1000001,FD_Update = '2020/07/18 13:50:47',FD_Updated = 1000001
2020/07/18 13:50:47 DB : UPDATE FD_Numbering SET Current_Number = 1000029,FD_Update = '2020/07/18 13:50:47',FD_Updated = 1000001 WHERE FD_Table_ID = 102
2020/07/18 13:50:47 DB : INSERT INTO FD_TableColumn SET FD_TableColumn_ID = 1000029,FD_Table_ID = 104,Column_Name = 'FD_Table_ID',Column_Type_ID = 1000001,Column_Size = 0,FD_Name = 'テーブル情報ID',FD_Comment = '採番の対象となるテーブルの情報ID',Column_Sort_Order = 20,Primary_Key_Check = 0,FD_Create = '2020/07/18 13:50:47',FD_Created = 1000001,FD_Update = '2020/07/18 13:50:47',FD_Updated = 1000001
2020/07/18 13:50:47 DB : UPDATE FD_Numbering SET Current_Number = 1000030,FD_Update = '2020/07/18 13:50:47',FD_Updated = 1000001 WHERE FD_Table_ID = 102
2020/07/18 13:50:47 DB : INSERT INTO FD_TableColumn SET FD_TableColumn_ID = 1000030,FD_Table_ID = 104,Column_Name = 'Current_Number',Column_Type_ID = 1000003,Column_Size = 0,FD_Name = '現在値',FD_Comment = '採番された値',Column_Sort_Order = 30,Primary_Key_Check = 0,FD_Create = '2020/07/18 13:50:47',FD_Created = 1000001,FD_Update = '2020/07/18 13:50:47',FD_Updated = 1000001
2020/07/18 13:50:47 DB : UPDATE FD_Numbering SET Current_Number = 1000031,FD_Update = '2020/07/18 13:50:47',FD_Updated = 1000001 WHERE FD_Table_ID = 102
2020/07/18 13:50:47 DB : INSERT INTO FD_TableColumn SET FD_TableColumn_ID = 1000031,FD_Table_ID = 104,Column_Name = 'Start_Number',Column_Type_ID = 1000003,Column_Size = 0,FD_Name = '開始値',FD_Comment = '採番を開始する値',Column_Sort_Order = 40,Primary_Key_Check = 0,FD_Create = '2020/07/18 13:50:47',FD_Created = 1000001,FD_Update = '2020/07/18 13:50:47',FD_Updated = 1000001
2020/07/18 13:50:47 DB : UPDATE FD_Numbering SET Current_Number = 1000032,FD_Update = '2020/07/18 13:50:47',FD_Updated = 1000001 WHERE FD_Table_ID = 102
2020/07/18 13:50:47 DB : INSERT INTO FD_TableColumn SET FD_TableColumn_ID = 1000032,FD_Table_ID = 104,Column_Name = 'FD_Create',Column_Type_ID = 1000005,Column_Size = 0,FD_Name = '登録日',FD_Comment = '採番情報の登録日',Column_Sort_Order = 900,Primary_Key_Check = 0,FD_Create = '2020/07/18 13:50:47',FD_Created = 1000001,FD_Update = '2020/07/18 13:50:47',FD_Updated = 1000001
2020/07/18 13:50:47 DB : UPDATE FD_Numbering SET Current_Number = 1000033,FD_Update = '2020/07/18 13:50:47',FD_Updated = 1000001 WHERE FD_Table_ID = 102
2020/07/18 13:50:47 DB : INSERT INTO FD_TableColumn SET FD_TableColumn_ID = 1000033,FD_Table_ID = 104,Column_Name = 'FD_Created',Column_Type_ID = 1000001,Column_Size = 0,FD_Name = '登録者ID',FD_Comment = '採番情報の登録者のID',Column_Sort_Order = 910,Primary_Key_Check = 0,FD_Create = '2020/07/18 13:50:47',FD_Created = 1000001,FD_Update = '2020/07/18 13:50:47',FD_Updated = 1000001
2020/07/18 13:50:48 DB : UPDATE FD_Numbering SET Current_Number = 1000034,FD_Update = '2020/07/18 13:50:48',FD_Updated = 1000001 WHERE FD_Table_ID = 102
2020/07/18 13:50:48 DB : INSERT INTO FD_TableColumn SET FD_TableColumn_ID = 1000034,FD_Table_ID = 104,Column_Name = 'FD_Update',Column_Type_ID = 1000005,Column_Size = 0,FD_Name = '更新日',FD_Comment = '採番情報の更新日',Column_Sort_Order = 920,Primary_Key_Check = 0,FD_Create = '2020/07/18 13:50:48',FD_Created = 1000001,FD_Update = '2020/07/18 13:50:48',FD_Updated = 1000001
2020/07/18 13:50:48 DB : UPDATE FD_Numbering SET Current_Number = 1000035,FD_Update = '2020/07/18 13:50:48',FD_Updated = 1000001 WHERE FD_Table_ID = 102
2020/07/18 13:50:48 DB : INSERT INTO FD_TableColumn SET FD_TableColumn_ID = 1000035,FD_Table_ID = 104,Column_Name = 'FD_Updated',Column_Type_ID = 1000001,Column_Size = 0,FD_Name = '更新者ID',FD_Comment = '採番情報の更新者のID',Column_Sort_Order = 930,Primary_Key_Check = 0,FD_Create = '2020/07/18 13:50:48',FD_Created = 1000001,FD_Update = '2020/07/18 13:50:48',FD_Updated = 1000001
2020/07/18 13:50:48 DB : UPDATE FD_Numbering SET Current_Number = 1000036,FD_Update = '2020/07/18 13:50:48',FD_Updated = 1000001 WHERE FD_Table_ID = 102
2020/07/18 13:50:48 DB : INSERT INTO FD_TableColumn SET FD_TableColumn_ID = 1000036,FD_Table_ID = 105,Column_Name = 'FD_RefParam_ID',Column_Type_ID = 1000001,Column_Size = 0,FD_Name = 'リファレンス用パラメータ情報ID',FD_Comment = 'リファレンス用パラメータ情報を識別するためのID',Column_Sort_Order = 10,Primary_Key_Check = 1,FD_Create = '2020/07/18 13:50:48',FD_Created = 1000001,FD_Update = '2020/07/18 13:50:48',FD_Updated = 1000001
2020/07/18 13:50:48 DB : UPDATE FD_Numbering SET Current_Number = 1000037,FD_Update = '2020/07/18 13:50:48',FD_Updated = 1000001 WHERE FD_Table_ID = 102
2020/07/18 13:50:48 DB : INSERT INTO FD_TableColumn SET FD_TableColumn_ID = 1000037,FD_Table_ID = 105,Column_Name = 'FD_Reference_ID',Column_Type_ID = 1000001,Column_Size = 0,FD_Name = 'リファレンス情報ID',FD_Comment = 'リファレンス用パラメータ情報を紐づけるリファレンス情報のID',Column_Sort_Order = 20,Primary_Key_Check = 0,FD_Create = '2020/07/18 13:50:48',FD_Created = 1000001,FD_Update = '2020/07/18 13:50:48',FD_Updated = 1000001
2020/07/18 13:50:48 DB : UPDATE FD_Numbering SET Current_Number = 1000038,FD_Update = '2020/07/18 13:50:48',FD_Updated = 1000001 WHERE FD_Table_ID = 102
2020/07/18 13:50:48 DB : INSERT INTO FD_TableColumn SET FD_TableColumn_ID = 1000038,FD_Table_ID = 105,Column_Name = 'Parameter_Name',Column_Type_ID = 1000002,Column_Size = 100,FD_Name = 'パラメータ名',FD_Comment = 'パラメータを識別するための名称',Column_Sort_Order = 30,Primary_Key_Check = 0,FD_Create = '2020/07/18 13:50:48',FD_Created = 1000001,FD_Update = '2020/07/18 13:50:48',FD_Updated = 1000001
2020/07/18 13:50:48 DB : UPDATE FD_Numbering SET Current_Number = 1000039,FD_Update = '2020/07/18 13:50:48',FD_Updated = 1000001 WHERE FD_Table_ID = 102
2020/07/18 13:50:48 DB : INSERT INTO FD_TableColumn SET FD_TableColumn_ID = 1000039,FD_Table_ID = 105,Column_Name = 'Parameter_Type_ID',Column_Type_ID = 1000001,Column_Size = 0,FD_Name = 'パラメータ種別ID',FD_Comment = 'パラメータの種別を表すID（リファレンス情報ID）',Column_Sort_Order = 40,Primary_Key_Check = 0,FD_Create = '2020/07/18 13:50:48',FD_Created = 1000001,FD_Update = '2020/07/18 13:50:48',FD_Updated = 1000001
2020/07/18 13:50:48 DB : UPDATE FD_Numbering SET Current_Number = 1000040,FD_Update = '2020/07/18 13:50:48',FD_Updated = 1000001 WHERE FD_Table_ID = 102
2020/07/18 13:50:48 DB : INSERT INTO FD_TableColumn SET FD_TableColumn_ID = 1000040,FD_Table_ID = 105,Column_Name = 'Parameter_Data',Column_Type_ID = 1000002,Column_Size = 200,FD_Name = 'パラメータ情報',FD_Comment = 'パラメータの情報',Column_Sort_Order = 50,Primary_Key_Check = 0,FD_Create = '2020/07/18 13:50:48',FD_Created = 1000001,FD_Update = '2020/07/18 13:50:48',FD_Updated = 1000001
2020/07/18 13:50:49 DB : UPDATE FD_Numbering SET Current_Number = 1000041,FD_Update = '2020/07/18 13:50:49',FD_Updated = 1000001 WHERE FD_Table_ID = 102
2020/07/18 13:50:49 DB : INSERT INTO FD_TableColumn SET FD_TableColumn_ID = 1000041,FD_Table_ID = 105,Column_Name = 'FD_Comment',Column_Type_ID = 1000004,Column_Size = 0,FD_Name = '説明',FD_Comment = 'パラメータの説明',Column_Sort_Order = 60,Primary_Key_Check = 0,FD_Create = '2020/07/18 13:50:49',FD_Created = 1000001,FD_Update = '2020/07/18 13:50:49',FD_Updated = 1000001
2020/07/18 13:50:49 DB : UPDATE FD_Numbering SET Current_Number = 1000042,FD_Update = '2020/07/18 13:50:49',FD_Updated = 1000001 WHERE FD_Table_ID = 102
2020/07/18 13:50:49 DB : INSERT INTO FD_TableColumn SET FD_TableColumn_ID = 1000042,FD_Table_ID = 105,Column_Name = 'FD_Create',Column_Type_ID = 1000005,Column_Size = 0,FD_Name = '登録日',FD_Comment = 'リファレンス用パラメータ情報の登録日',Column_Sort_Order = 900,Primary_Key_Check = 0,FD_Create = '2020/07/18 13:50:49',FD_Created = 1000001,FD_Update = '2020/07/18 13:50:49',FD_Updated = 1000001
2020/07/18 13:50:49 DB : UPDATE FD_Numbering SET Current_Number = 1000043,FD_Update = '2020/07/18 13:50:49',FD_Updated = 1000001 WHERE FD_Table_ID = 102
2020/07/18 13:50:49 DB : INSERT INTO FD_TableColumn SET FD_TableColumn_ID = 1000043,FD_Table_ID = 105,Column_Name = 'FD_Created',Column_Type_ID = 1000001,Column_Size = 0,FD_Name = '登録者ID',FD_Comment = 'リファレンス用パラメータ情報の登録者のID',Column_Sort_Order = 910,Primary_Key_Check = 0,FD_Create = '2020/07/18 13:50:49',FD_Created = 1000001,FD_Update = '2020/07/18 13:50:49',FD_Updated = 1000001
2020/07/18 13:50:49 DB : UPDATE FD_Numbering SET Current_Number = 1000044,FD_Update = '2020/07/18 13:50:49',FD_Updated = 1000001 WHERE FD_Table_ID = 102
2020/07/18 13:50:49 DB : INSERT INTO FD_TableColumn SET FD_TableColumn_ID = 1000044,FD_Table_ID = 105,Column_Name = 'FD_Update',Column_Type_ID = 1000005,Column_Size = 0,FD_Name = '更新日',FD_Comment = 'リファレンス用パラメータ情報の更新日',Column_Sort_Order = 920,Primary_Key_Check = 0,FD_Create = '2020/07/18 13:50:49',FD_Created = 1000001,FD_Update = '2020/07/18 13:50:49',FD_Updated = 1000001
2020/07/18 13:50:49 DB : UPDATE FD_Numbering SET Current_Number = 1000045,FD_Update = '2020/07/18 13:50:49',FD_Updated = 1000001 WHERE FD_Table_ID = 102
2020/07/18 13:50:49 DB : INSERT INTO FD_TableColumn SET FD_TableColumn_ID = 1000045,FD_Table_ID = 105,Column_Name = 'FD_Updated',Column_Type_ID = 1000001,Column_Size = 0,FD_Name = '更新者ID',FD_Comment = 'リファレンス用パラメータ情報の更新者のID',Column_Sort_Order = 930,Primary_Key_Check = 0,FD_Create = '2020/07/18 13:50:49',FD_Created = 1000001,FD_Update = '2020/07/18 13:50:49',FD_Updated = 1000001
2020/07/18 13:50:49 info : Interface Class created [FD_Table]
2020/07/18 13:50:50 info : Package Base Creating is completed!!
2020/07/18 13:50:50 info : elapsed time 12.594 Seconds
